2021-06-02 13:36:30,951 INFO o.a.j.u.JMeterUtils: Setting Locale to zh_CN
2021-06-02 13:36:31,152 INFO o.a.j.JMeter: Loading user properties from: D:\apache-jmeter-5.1.1\bin\user.properties
2021-06-02 13:36:31,163 INFO o.a.j.JMeter: Loading system properties from: D:\apache-jmeter-5.1.1\bin\system.properties
2021-06-02 13:36:31,207 INFO o.a.j.JMeter: Copyright (c) 1998-2019 The Apache Software Foundation
2021-06-02 13:36:31,208 INFO o.a.j.JMeter: Version 5.1.1 r1855137
2021-06-02 13:36:31,208 INFO o.a.j.JMeter: java.version=14.0.2
2021-06-02 13:36:31,209 INFO o.a.j.JMeter: java.vm.name=Java HotSpot(TM) 64-Bit Server VM
2021-06-02 13:36:31,210 INFO o.a.j.JMeter: os.name=Windows 7
2021-06-02 13:36:31,211 INFO o.a.j.JMeter: os.arch=amd64
2021-06-02 13:36:31,211 INFO o.a.j.JMeter: os.version=6.1
2021-06-02 13:36:31,212 INFO o.a.j.JMeter: file.encoding=GBK
2021-06-02 13:36:31,213 INFO o.a.j.JMeter: java.awt.headless=null
2021-06-02 13:36:31,214 INFO o.a.j.JMeter: Max memory     =1073741824
2021-06-02 13:36:31,215 INFO o.a.j.JMeter: Available Processors =8
2021-06-02 13:36:31,276 INFO o.a.j.JMeter: Default Locale=English (EN)
2021-06-02 13:36:31,277 INFO o.a.j.JMeter: JMeter  Locale=Chinese (China)
2021-06-02 13:36:31,278 INFO o.a.j.JMeter: JMeterHome=D:\apache-jmeter-5.1.1
2021-06-02 13:36:31,279 INFO o.a.j.JMeter: user.dir  =E:\MyHttpRunner
2021-06-02 13:36:31,280 INFO o.a.j.JMeter: PWD       =E:\MyHttpRunner
2021-06-02 13:36:31,281 INFO o.a.j.JMeter: IP: 192.168.0.54 Name: PC-20200907TTND FullName: PC-20200907TTND
2021-06-02 13:36:34,021 INFO o.a.j.g.a.LookAndFeelCommand: Installing Darcula LAF
2021-06-02 13:36:34,370 INFO o.a.j.g.a.LookAndFeelCommand: Using look and feel: javax.swing.plaf.nimbus.NimbusLookAndFeel [Darcula]
2021-06-02 13:36:34,371 INFO o.a.j.JMeter: Setting LAF to: javax.swing.plaf.nimbus.NimbusLookAndFeel
2021-06-02 13:36:34,901 INFO o.a.j.JMeter: Loaded icon properties from org/apache/jmeter/images/icon.properties
2021-06-02 13:36:39,533 INFO o.j.r.JARSourceHTTP: Requesting https://jmeter-plugins.org/repo/?installID=windows_7-b28ae5eac01c36e2903ab60aa6af81c4-gui
2021-06-02 13:36:46,552 INFO o.a.j.p.h.s.HTTPSamplerBase: Parser for text/html is org.apache.jmeter.protocol.http.parser.LagartoBasedHtmlParser
2021-06-02 13:36:46,555 INFO o.a.j.p.h.s.HTTPSamplerBase: Parser for application/xhtml+xml is org.apache.jmeter.protocol.http.parser.LagartoBasedHtmlParser
2021-06-02 13:36:46,556 INFO o.a.j.p.h.s.HTTPSamplerBase: Parser for application/xml is org.apache.jmeter.protocol.http.parser.LagartoBasedHtmlParser
2021-06-02 13:36:46,557 INFO o.a.j.p.h.s.HTTPSamplerBase: Parser for text/xml is org.apache.jmeter.protocol.http.parser.LagartoBasedHtmlParser
2021-06-02 13:36:46,557 INFO o.a.j.p.h.s.HTTPSamplerBase: Parser for text/vnd.wap.wml is org.apache.jmeter.protocol.http.parser.RegexpHTMLParser
2021-06-02 13:36:46,558 INFO o.a.j.p.h.s.HTTPSamplerBase: Parser for text/css is org.apache.jmeter.protocol.http.parser.CssParser
2021-06-02 13:36:47,006 INFO o.j.r.PluginManager: Plugins Status: [jpgc-graphs-basic=2.0, jpgc-functions=2.1, jpgc-casutg=2.9, jpgc-dummy=0.4, jpgc-ffw=2.0, jpgc-fifo=0.2, jpgc-perfmon=2.1, jpgc-plugins-manager=1.6, jpgc-tst=2.5, jmeter-core=5.1.1, jmeter-ftp=5.1.1, jmeter-http=5.1.1, jmeter-jdbc=5.1.1, jmeter-jms=5.1.1, jmeter-junit=5.1.1, jmeter-java=5.1.1, jmeter-ldap=5.1.1, jmeter-mail=5.1.1, jmeter-mongodb=5.1.1, jmeter-native=5.1.1, jmeter-tcp=5.1.1, jmeter-components=5.1.1, jpgc-standard=2.0]
2021-06-02 13:36:48,008 INFO o.a.j.e.KeyToolUtils: keytool found at 'keytool'
2021-06-02 13:36:48,009 INFO o.a.j.p.h.p.ProxyControl: HTTP(S) Test Script Recorder SSL Proxy will use keys that support embedded 3rd party resources in file D:\apache-jmeter-5.1.1\bin\proxyserver.jks
2021-06-02 13:36:48,411 INFO o.a.j.s.FileServer: Default base='E:\MyHttpRunner'
2021-06-02 13:36:50,346 INFO o.a.j.s.SampleResult: Note: Sample TimeStamps are START times
2021-06-02 13:36:50,347 INFO o.a.j.s.SampleResult: sampleresult.default.encoding is set to UTF-8
2021-06-02 13:36:50,348 INFO o.a.j.s.SampleResult: sampleresult.useNanoTime=true
2021-06-02 13:36:50,348 INFO o.a.j.s.SampleResult: sampleresult.nanoThreadSleep=5000
2021-06-02 13:36:50,415 INFO o.a.j.v.ViewResultsFullVisualizer: Add JavaFX to your Java installation if you want to use renderer: org.apache.jmeter.visualizers.RenderInBrowser
2021-06-02 13:39:23,064 INFO o.a.j.v.ViewResultsFullVisualizer: Add JavaFX to your Java installation if you want to use renderer: org.apache.jmeter.visualizers.RenderInBrowser
2021-06-02 13:39:46,642 INFO o.a.j.s.FileServer: Set new base='F:\jmeter'
2021-06-02 13:39:47,232 INFO o.a.j.s.SaveService: Testplan (JMX) version: 2.2. Testlog (JTL) version: 2.2
2021-06-02 13:39:47,273 INFO o.a.j.s.SaveService: Using SaveService properties version 5.0
2021-06-02 13:39:47,277 INFO o.a.j.s.SaveService: Using SaveService properties file encoding UTF-8
2021-06-02 13:39:47,402 INFO o.a.j.e.StandardJMeterEngine: Running the test!
2021-06-02 13:39:47,405 INFO o.a.j.s.SampleEvent: List of sample_variables: []
2021-06-02 13:39:47,406 INFO o.a.j.s.SampleEvent: List of sample_variables: []
2021-06-02 13:39:47,411 INFO o.a.j.e.u.CompoundVariable: Note: Function class names must contain the string: '.functions.'
2021-06-02 13:39:47,411 INFO o.a.j.e.u.CompoundVariable: Note: Function class names must not contain the string: '.gui.'
2021-06-02 13:39:48,607 INFO o.a.j.g.u.JMeterMenuBar: setRunning(true, *local*)
2021-06-02 13:39:48,771 INFO o.a.j.e.StandardJMeterEngine: Starting ThreadGroup: 1 : 线程组
2021-06-02 13:39:48,772 INFO o.a.j.e.StandardJMeterEngine: Starting 1 threads for group 线程组.
2021-06-02 13:39:48,773 INFO o.a.j.e.StandardJMeterEngine: Thread will continue on error
2021-06-02 13:39:48,774 INFO o.a.j.t.ThreadGroup: Starting thread group... number=1 threads=1 ramp-up=1 delayedStart=false
2021-06-02 13:39:48,780 INFO o.a.j.t.ThreadGroup: Started thread group number 1
2021-06-02 13:39:48,781 INFO o.a.j.e.StandardJMeterEngine: All thread groups have been started
2021-06-02 13:39:48,783 INFO o.a.j.t.JMeterThread: Thread started: 线程组 1-1
2021-06-02 13:39:48,823 INFO o.a.j.p.h.s.HTTPHCAbstractImpl: Local host = PC-20200907TTND
2021-06-02 13:39:48,839 INFO o.a.j.p.h.s.HTTPHC4Impl: HTTP request retry count = 0
2021-06-02 13:39:49,439 INFO o.a.j.t.JMeterThread: Thread is done: 线程组 1-1
2021-06-02 13:39:49,440 INFO o.a.j.t.JMeterThread: Thread finished: 线程组 1-1
2021-06-02 13:39:49,441 INFO o.a.j.e.StandardJMeterEngine: Notifying test listeners of end of test
2021-06-02 13:39:49,442 INFO o.a.j.g.u.JMeterMenuBar: setRunning(false, *local*)
2021-06-02 13:42:00,752 INFO o.a.j.v.ViewResultsFullVisualizer: Add JavaFX to your Java installation if you want to use renderer: org.apache.jmeter.visualizers.RenderInBrowser
2021-06-02 13:42:09,198 INFO o.a.j.v.ViewResultsFullVisualizer: Add JavaFX to your Java installation if you want to use renderer: org.apache.jmeter.visualizers.RenderInBrowser
2021-06-02 13:42:19,182 INFO o.a.j.e.StandardJMeterEngine: Running the test!
2021-06-02 13:42:19,183 INFO o.a.j.s.SampleEvent: List of sample_variables: []
2021-06-02 13:42:19,193 INFO o.a.j.g.u.JMeterMenuBar: setRunning(true, *local*)
2021-06-02 13:42:19,354 INFO o.a.j.e.StandardJMeterEngine: Starting ThreadGroup: 1 : 线程组
2021-06-02 13:42:19,355 INFO o.a.j.e.StandardJMeterEngine: Starting 1 threads for group 线程组.
2021-06-02 13:42:19,356 INFO o.a.j.e.StandardJMeterEngine: Thread will continue on error
2021-06-02 13:42:19,356 INFO o.a.j.t.ThreadGroup: Starting thread group... number=1 threads=1 ramp-up=1 delayedStart=false
2021-06-02 13:42:19,359 INFO o.a.j.t.ThreadGroup: Started thread group number 1
2021-06-02 13:42:19,359 INFO o.a.j.e.StandardJMeterEngine: All thread groups have been started
2021-06-02 13:42:19,361 INFO o.a.j.t.JMeterThread: Thread started: 线程组 1-1
2021-06-02 13:42:19,967 INFO o.a.j.t.JMeterThread: Thread is done: 线程组 1-1
2021-06-02 13:42:19,968 INFO o.a.j.t.JMeterThread: Thread finished: 线程组 1-1
2021-06-02 13:42:19,969 INFO o.a.j.e.StandardJMeterEngine: Notifying test listeners of end of test
2021-06-02 13:42:19,970 INFO o.a.j.g.u.JMeterMenuBar: setRunning(false, *local*)
2021-06-02 13:42:42,872 INFO o.a.j.e.StandardJMeterEngine: Running the test!
2021-06-02 13:42:42,873 INFO o.a.j.s.SampleEvent: List of sample_variables: []
2021-06-02 13:42:42,876 INFO o.a.j.g.u.JMeterMenuBar: setRunning(true, *local*)
2021-06-02 13:42:43,048 INFO o.a.j.e.StandardJMeterEngine: Starting ThreadGroup: 1 : 线程组
2021-06-02 13:42:43,048 INFO o.a.j.e.StandardJMeterEngine: Starting 1 threads for group 线程组.
2021-06-02 13:42:43,049 INFO o.a.j.e.StandardJMeterEngine: Thread will continue on error
2021-06-02 13:42:43,049 INFO o.a.j.t.ThreadGroup: Starting thread group... number=1 threads=1 ramp-up=1 delayedStart=false
2021-06-02 13:42:43,051 INFO o.a.j.t.ThreadGroup: Started thread group number 1
2021-06-02 13:42:43,052 INFO o.a.j.e.StandardJMeterEngine: All thread groups have been started
2021-06-02 13:42:43,052 INFO o.a.j.t.JMeterThread: Thread started: 线程组 1-1
2021-06-02 13:42:43,087 INFO o.a.j.p.h.s.HTTPJavaImpl: Maximum connection retries = 0
2021-06-02 13:42:43,764 INFO o.a.j.t.JMeterThread: Thread is done: 线程组 1-1
2021-06-02 13:42:43,764 INFO o.a.j.t.JMeterThread: Thread finished: 线程组 1-1
2021-06-02 13:42:43,766 INFO o.a.j.e.StandardJMeterEngine: Notifying test listeners of end of test
2021-06-02 13:42:43,766 INFO o.a.j.g.u.JMeterMenuBar: setRunning(false, *local*)
2021-06-02 13:43:01,593 INFO o.a.j.e.StandardJMeterEngine: Running the test!
2021-06-02 13:43:01,595 INFO o.a.j.s.SampleEvent: List of sample_variables: []
2021-06-02 13:43:01,597 INFO o.a.j.g.u.JMeterMenuBar: setRunning(true, *local*)
2021-06-02 13:43:01,778 INFO o.a.j.e.StandardJMeterEngine: Starting ThreadGroup: 1 : 线程组
2021-06-02 13:43:01,779 INFO o.a.j.e.StandardJMeterEngine: Starting 1 threads for group 线程组.
2021-06-02 13:43:01,780 INFO o.a.j.e.StandardJMeterEngine: Thread will continue on error
2021-06-02 13:43:01,780 INFO o.a.j.t.ThreadGroup: Starting thread group... number=1 threads=1 ramp-up=1 delayedStart=false
2021-06-02 13:43:01,782 INFO o.a.j.t.ThreadGroup: Started thread group number 1
2021-06-02 13:43:01,783 INFO o.a.j.e.StandardJMeterEngine: All thread groups have been started
2021-06-02 13:43:01,784 INFO o.a.j.t.JMeterThread: Thread started: 线程组 1-1
2021-06-02 13:43:02,899 INFO o.a.j.u.JsseSSLManager: Using default SSL protocol: TLS
2021-06-02 13:43:02,900 INFO o.a.j.u.JsseSSLManager: SSL session context: per-thread
2021-06-02 13:43:08,517 INFO o.a.j.t.JMeterThread: Thread is done: 线程组 1-1
2021-06-02 13:43:08,518 INFO o.a.j.t.JMeterThread: Thread finished: 线程组 1-1
2021-06-02 13:43:08,519 INFO o.a.j.e.StandardJMeterEngine: Notifying test listeners of end of test
2021-06-02 13:43:08,520 INFO o.a.j.g.u.JMeterMenuBar: setRunning(false, *local*)
2021-06-02 13:43:38,042 INFO o.a.j.e.StandardJMeterEngine: Running the test!
2021-06-02 13:43:38,044 INFO o.a.j.s.SampleEvent: List of sample_variables: []
2021-06-02 13:43:38,046 INFO o.a.j.g.u.JMeterMenuBar: setRunning(true, *local*)
2021-06-02 13:43:38,205 INFO o.a.j.e.StandardJMeterEngine: Starting ThreadGroup: 1 : 线程组
2021-06-02 13:43:38,206 INFO o.a.j.e.StandardJMeterEngine: Starting 1 threads for group 线程组.
2021-06-02 13:43:38,206 INFO o.a.j.e.StandardJMeterEngine: Thread will continue on error
2021-06-02 13:43:38,206 INFO o.a.j.t.ThreadGroup: Starting thread group... number=1 threads=1 ramp-up=1 delayedStart=false
2021-06-02 13:43:38,209 INFO o.a.j.t.ThreadGroup: Started thread group number 1
2021-06-02 13:43:38,209 INFO o.a.j.e.StandardJMeterEngine: All thread groups have been started
2021-06-02 13:43:38,210 INFO o.a.j.t.JMeterThread: Thread started: 线程组 1-1
2021-06-02 13:43:40,411 INFO o.a.j.t.JMeterThread: Thread is done: 线程组 1-1
2021-06-02 13:43:40,411 INFO o.a.j.t.JMeterThread: Thread finished: 线程组 1-1
2021-06-02 13:43:40,412 INFO o.a.j.e.StandardJMeterEngine: Notifying test listeners of end of test
2021-06-02 13:43:40,413 INFO o.a.j.g.u.JMeterMenuBar: setRunning(false, *local*)
2021-06-02 13:45:49,751 INFO o.a.j.v.ViewResultsFullVisualizer: Add JavaFX to your Java installation if you want to use renderer: org.apache.jmeter.visualizers.RenderInBrowser
2021-06-02 13:45:54,330 INFO o.a.j.v.ViewResultsFullVisualizer: Add JavaFX to your Java installation if you want to use renderer: org.apache.jmeter.visualizers.RenderInBrowser
2021-06-02 13:46:27,516 INFO o.a.j.e.StandardJMeterEngine: Running the test!
2021-06-02 13:46:27,517 INFO o.a.j.s.SampleEvent: List of sample_variables: []
2021-06-02 13:46:27,518 INFO o.a.j.g.u.JMeterMenuBar: setRunning(true, *local*)
2021-06-02 13:46:27,699 INFO o.a.j.e.StandardJMeterEngine: Starting ThreadGroup: 1 : 线程组
2021-06-02 13:46:27,699 INFO o.a.j.e.StandardJMeterEngine: Starting 1 threads for group 线程组.
2021-06-02 13:46:27,700 INFO o.a.j.e.StandardJMeterEngine: Thread will continue on error
2021-06-02 13:46:27,701 INFO o.a.j.t.ThreadGroup: Starting thread group... number=1 threads=1 ramp-up=1 delayedStart=false
2021-06-02 13:46:27,702 INFO o.a.j.t.ThreadGroup: Started thread group number 1
2021-06-02 13:46:27,703 INFO o.a.j.t.JMeterThread: Thread started: 线程组 1-1
2021-06-02 13:46:27,704 INFO o.a.j.e.StandardJMeterEngine: All thread groups have been started
2021-06-02 13:46:34,548 INFO o.a.j.t.JMeterThread: Thread is done: 线程组 1-1
2021-06-02 13:46:34,549 INFO o.a.j.t.JMeterThread: Thread finished: 线程组 1-1
2021-06-02 13:46:34,550 INFO o.a.j.e.StandardJMeterEngine: Notifying test listeners of end of test
2021-06-02 13:46:34,551 INFO o.a.j.g.u.JMeterMenuBar: setRunning(false, *local*)
2021-06-02 13:49:10,300 INFO o.a.j.e.StandardJMeterEngine: Running the test!
2021-06-02 13:49:10,302 INFO o.a.j.s.SampleEvent: List of sample_variables: []
2021-06-02 13:49:10,304 INFO o.a.j.g.u.JMeterMenuBar: setRunning(true, *local*)
2021-06-02 13:49:10,461 INFO o.a.j.e.StandardJMeterEngine: Starting ThreadGroup: 1 : 线程组
2021-06-02 13:49:10,462 INFO o.a.j.e.StandardJMeterEngine: Starting 1 threads for group 线程组.
2021-06-02 13:49:10,462 INFO o.a.j.e.StandardJMeterEngine: Thread will continue on error
2021-06-02 13:49:10,463 INFO o.a.j.t.ThreadGroup: Starting thread group... number=1 threads=1 ramp-up=1 delayedStart=false
2021-06-02 13:49:10,466 INFO o.a.j.t.ThreadGroup: Started thread group number 1
2021-06-02 13:49:10,466 INFO o.a.j.e.StandardJMeterEngine: All thread groups have been started
2021-06-02 13:49:10,467 INFO o.a.j.t.JMeterThread: Thread started: 线程组 1-1
2021-06-02 13:49:12,772 INFO o.a.j.t.JMeterThread: Thread is done: 线程组 1-1
2021-06-02 13:49:12,773 INFO o.a.j.t.JMeterThread: Thread finished: 线程组 1-1
2021-06-02 13:49:12,775 INFO o.a.j.e.StandardJMeterEngine: Notifying test listeners of end of test
2021-06-02 13:49:12,775 INFO o.a.j.g.u.JMeterMenuBar: setRunning(false, *local*)
2021-06-02 13:51:20,914 INFO o.a.j.g.a.Load: Loading file: F:\jmeter\get_mysql.jmx
2021-06-02 13:51:20,915 INFO o.a.j.s.FileServer: Set new base='F:\jmeter'
2021-06-02 13:51:20,916 INFO o.a.j.s.SaveService: Loading file: F:\jmeter\get_mysql.jmx
2021-06-02 13:51:21,637 INFO o.a.j.v.ViewResultsFullVisualizer: Add JavaFX to your Java installation if you want to use renderer: org.apache.jmeter.visualizers.RenderInBrowser
2021-06-02 13:51:21,712 INFO o.a.j.s.FileServer: Set new base='F:\jmeter'
2021-06-02 13:52:12,342 INFO o.a.j.e.StandardJMeterEngine: Running the test!
2021-06-02 13:52:12,343 INFO o.a.j.s.SampleEvent: List of sample_variables: []
2021-06-02 13:52:12,366 INFO o.a.j.g.u.JMeterMenuBar: setRunning(true, *local*)
2021-06-02 13:52:12,554 INFO o.a.j.e.StandardJMeterEngine: Starting ThreadGroup: 1 : 线程组
2021-06-02 13:52:12,555 INFO o.a.j.e.StandardJMeterEngine: Starting 1 threads for group 线程组.
2021-06-02 13:52:12,555 INFO o.a.j.e.StandardJMeterEngine: Thread will continue on error
2021-06-02 13:52:12,556 INFO o.a.j.t.ThreadGroup: Starting thread group... number=1 threads=1 ramp-up=1 delayedStart=false
2021-06-02 13:52:12,557 INFO o.a.j.t.ThreadGroup: Started thread group number 1
2021-06-02 13:52:12,558 INFO o.a.j.e.StandardJMeterEngine: All thread groups have been started
2021-06-02 13:52:12,558 INFO o.a.j.t.JMeterThread: Thread started: 线程组 1-1
2021-06-02 13:52:13,785 INFO o.a.j.t.JMeterThread: Thread is done: 线程组 1-1
2021-06-02 13:52:13,785 INFO o.a.j.t.JMeterThread: Thread finished: 线程组 1-1
2021-06-02 13:52:13,786 INFO o.a.j.e.StandardJMeterEngine: Notifying test listeners of end of test
2021-06-02 13:52:13,790 INFO o.a.j.g.u.JMeterMenuBar: setRunning(false, *local*)
2021-06-02 13:54:49,865 INFO o.a.j.v.ViewResultsFullVisualizer: Add JavaFX to your Java installation if you want to use renderer: org.apache.jmeter.visualizers.RenderInBrowser
2021-06-02 13:55:33,988 INFO o.a.j.g.a.Load: Loading file: F:\jmeter\httprunnermanager_register.jmx
2021-06-02 13:55:33,989 INFO o.a.j.s.FileServer: Set new base='F:\jmeter'
2021-06-02 13:55:33,989 INFO o.a.j.s.SaveService: Loading file: F:\jmeter\httprunnermanager_register.jmx
2021-06-02 13:55:34,086 INFO o.a.j.v.ViewResultsFullVisualizer: Add JavaFX to your Java installation if you want to use renderer: org.apache.jmeter.visualizers.RenderInBrowser
2021-06-02 13:55:34,179 INFO o.a.j.s.FileServer: Set new base='F:\jmeter'
2021-06-02 13:57:42,808 INFO o.a.j.e.StandardJMeterEngine: Running the test!
2021-06-02 13:57:42,809 INFO o.a.j.s.SampleEvent: List of sample_variables: []
2021-06-02 13:57:42,898 INFO o.a.j.g.u.JMeterMenuBar: setRunning(true, *local*)
2021-06-02 13:57:43,043 INFO o.a.j.e.StandardJMeterEngine: Starting ThreadGroup: 1 : 线程组
2021-06-02 13:57:43,043 INFO o.a.j.e.StandardJMeterEngine: Starting 1 threads for group 线程组.
2021-06-02 13:57:43,044 INFO o.a.j.e.StandardJMeterEngine: Thread will continue on error
2021-06-02 13:57:43,044 INFO o.a.j.t.ThreadGroup: Starting thread group... number=1 threads=1 ramp-up=1 delayedStart=false
2021-06-02 13:57:43,045 INFO o.a.j.t.ThreadGroup: Started thread group number 1
2021-06-02 13:57:43,046 INFO o.a.j.e.StandardJMeterEngine: All thread groups have been started
2021-06-02 13:57:43,048 INFO o.a.j.t.JMeterThread: Thread started: 线程组 1-1
2021-06-02 13:57:43,140 INFO o.a.j.t.JMeterThread: Thread is done: 线程组 1-1
2021-06-02 13:57:43,140 INFO o.a.j.t.JMeterThread: Thread finished: 线程组 1-1
2021-06-02 13:57:43,141 INFO o.a.j.e.StandardJMeterEngine: Notifying test listeners of end of test
2021-06-02 13:57:43,143 INFO o.a.j.g.u.JMeterMenuBar: setRunning(false, *local*)
2021-06-02 13:58:17,669 INFO o.a.j.e.StandardJMeterEngine: Running the test!
2021-06-02 13:58:17,670 INFO o.a.j.s.SampleEvent: List of sample_variables: []
2021-06-02 13:58:17,675 INFO o.a.j.g.u.JMeterMenuBar: setRunning(true, *local*)
2021-06-02 13:58:17,851 INFO o.a.j.e.StandardJMeterEngine: Starting ThreadGroup: 1 : 线程组
2021-06-02 13:58:17,852 INFO o.a.j.e.StandardJMeterEngine: Starting 1 threads for group 线程组.
2021-06-02 13:58:17,852 INFO o.a.j.e.StandardJMeterEngine: Thread will continue on error
2021-06-02 13:58:17,853 INFO o.a.j.t.ThreadGroup: Starting thread group... number=1 threads=1 ramp-up=1 delayedStart=false
2021-06-02 13:58:17,855 INFO o.a.j.t.ThreadGroup: Started thread group number 1
2021-06-02 13:58:17,856 INFO o.a.j.e.StandardJMeterEngine: All thread groups have been started
2021-06-02 13:58:17,857 INFO o.a.j.t.JMeterThread: Thread started: 线程组 1-1
2021-06-02 13:58:17,978 INFO o.a.j.t.JMeterThread: Thread is done: 线程组 1-1
2021-06-02 13:58:17,978 INFO o.a.j.t.JMeterThread: Thread finished: 线程组 1-1
2021-06-02 13:58:17,979 INFO o.a.j.e.StandardJMeterEngine: Notifying test listeners of end of test
2021-06-02 13:58:17,980 INFO o.a.j.g.u.JMeterMenuBar: setRunning(false, *local*)
2021-06-02 14:00:33,459 INFO o.a.j.v.ViewResultsFullVisualizer: Add JavaFX to your Java installation if you want to use renderer: org.apache.jmeter.visualizers.RenderInBrowser
2021-06-02 14:01:34,247 INFO o.a.j.s.FileServer: Set new base='F:\jmeter'
2021-06-02 14:01:34,274 INFO o.a.j.e.StandardJMeterEngine: Running the test!
2021-06-02 14:01:34,275 INFO o.a.j.s.SampleEvent: List of sample_variables: []
2021-06-02 14:01:34,277 INFO o.a.j.g.u.JMeterMenuBar: setRunning(true, *local*)
2021-06-02 14:01:34,524 INFO o.a.j.e.StandardJMeterEngine: Starting ThreadGroup: 1 : 线程组
2021-06-02 14:01:34,524 INFO o.a.j.e.StandardJMeterEngine: Starting 1 threads for group 线程组.
2021-06-02 14:01:34,525 INFO o.a.j.e.StandardJMeterEngine: Thread will continue on error
2021-06-02 14:01:34,525 INFO o.a.j.t.ThreadGroup: Starting thread group... number=1 threads=1 ramp-up=1 delayedStart=false
2021-06-02 14:01:34,527 INFO o.a.j.t.ThreadGroup: Started thread group number 1
2021-06-02 14:01:34,528 INFO o.a.j.e.StandardJMeterEngine: All thread groups have been started
2021-06-02 14:01:34,529 INFO o.a.j.t.JMeterThread: Thread started: 线程组 1-1
2021-06-02 14:01:34,624 INFO o.a.j.t.JMeterThread: Thread is done: 线程组 1-1
2021-06-02 14:01:34,625 INFO o.a.j.t.JMeterThread: Thread finished: 线程组 1-1
2021-06-02 14:01:34,626 INFO o.a.j.e.StandardJMeterEngine: Notifying test listeners of end of test
2021-06-02 14:01:34,627 INFO o.a.j.g.u.JMeterMenuBar: setRunning(false, *local*)
2021-06-02 14:03:56,946 INFO o.a.j.e.StandardJMeterEngine: Running the test!
2021-06-02 14:03:56,947 INFO o.a.j.s.SampleEvent: List of sample_variables: []
2021-06-02 14:03:56,948 INFO o.a.j.g.u.JMeterMenuBar: setRunning(true, *local*)
2021-06-02 14:03:56,958 INFO o.a.j.e.StandardJMeterEngine: Starting ThreadGroup: 1 : 线程组
2021-06-02 14:03:56,959 INFO o.a.j.e.StandardJMeterEngine: Starting 1 threads for group 线程组.
2021-06-02 14:03:56,959 INFO o.a.j.e.StandardJMeterEngine: Thread will continue on error
2021-06-02 14:03:56,960 INFO o.a.j.t.ThreadGroup: Starting thread group... number=1 threads=1 ramp-up=1 delayedStart=false
2021-06-02 14:03:56,962 INFO o.a.j.t.ThreadGroup: Started thread group number 1
2021-06-02 14:03:56,962 INFO o.a.j.e.StandardJMeterEngine: All thread groups have been started
2021-06-02 14:03:56,962 INFO o.a.j.t.JMeterThread: Thread started: 线程组 1-1
2021-06-02 14:03:57,067 INFO o.a.j.t.JMeterThread: Thread is done: 线程组 1-1
2021-06-02 14:03:57,068 INFO o.a.j.t.JMeterThread: Thread finished: 线程组 1-1
2021-06-02 14:03:57,069 INFO o.a.j.e.StandardJMeterEngine: Notifying test listeners of end of test
2021-06-02 14:03:57,069 INFO o.a.j.g.u.JMeterMenuBar: setRunning(false, *local*)
2021-06-02 14:04:55,246 INFO o.a.j.e.StandardJMeterEngine: Running the test!
2021-06-02 14:04:55,247 INFO o.a.j.s.SampleEvent: List of sample_variables: []
2021-06-02 14:04:55,248 INFO o.a.j.g.u.JMeterMenuBar: setRunning(true, *local*)
2021-06-02 14:04:55,428 INFO o.a.j.e.StandardJMeterEngine: Starting ThreadGroup: 1 : 线程组
2021-06-02 14:04:55,428 INFO o.a.j.e.StandardJMeterEngine: Starting 1 threads for group 线程组.
2021-06-02 14:04:55,429 INFO o.a.j.e.StandardJMeterEngine: Thread will continue on error
2021-06-02 14:04:55,429 INFO o.a.j.t.ThreadGroup: Starting thread group... number=1 threads=1 ramp-up=1 delayedStart=false
2021-06-02 14:04:55,430 INFO o.a.j.t.ThreadGroup: Started thread group number 1
2021-06-02 14:04:55,431 INFO o.a.j.e.StandardJMeterEngine: All thread groups have been started
2021-06-02 14:04:55,431 INFO o.a.j.t.JMeterThread: Thread started: 线程组 1-1
2021-06-02 14:04:55,512 INFO o.a.j.t.JMeterThread: Thread is done: 线程组 1-1
2021-06-02 14:04:55,512 INFO o.a.j.t.JMeterThread: Thread finished: 线程组 1-1
2021-06-02 14:04:55,513 INFO o.a.j.e.StandardJMeterEngine: Notifying test listeners of end of test
2021-06-02 14:04:55,514 INFO o.a.j.g.u.JMeterMenuBar: setRunning(false, *local*)
2021-06-02 14:10:16,575 INFO o.a.j.v.ViewResultsFullVisualizer: Add JavaFX to your Java installation if you want to use renderer: org.apache.jmeter.visualizers.RenderInBrowser
2021-06-02 14:11:13,023 INFO o.a.j.e.StandardJMeterEngine: Running the test!
2021-06-02 14:11:13,024 INFO o.a.j.s.SampleEvent: List of sample_variables: []
2021-06-02 14:11:13,026 INFO o.a.j.g.u.JMeterMenuBar: setRunning(true, *local*)
2021-06-02 14:11:13,214 INFO o.a.j.e.StandardJMeterEngine: Starting ThreadGroup: 1 : 线程组
2021-06-02 14:11:13,214 INFO o.a.j.e.StandardJMeterEngine: Starting 1 threads for group 线程组.
2021-06-02 14:11:13,215 INFO o.a.j.e.StandardJMeterEngine: Thread will continue on error
2021-06-02 14:11:13,215 INFO o.a.j.t.ThreadGroup: Starting thread group... number=1 threads=1 ramp-up=1 delayedStart=false
2021-06-02 14:11:13,217 INFO o.a.j.t.ThreadGroup: Started thread group number 1
2021-06-02 14:11:13,217 INFO o.a.j.e.StandardJMeterEngine: All thread groups have been started
2021-06-02 14:11:13,218 INFO o.a.j.t.JMeterThread: Thread started: 线程组 1-1
2021-06-02 14:11:13,317 INFO o.a.j.t.JMeterThread: Thread is done: 线程组 1-1
2021-06-02 14:11:13,317 INFO o.a.j.t.JMeterThread: Thread finished: 线程组 1-1
2021-06-02 14:11:13,318 INFO o.a.j.e.StandardJMeterEngine: Starting tearDown thread groups
2021-06-02 14:11:13,319 INFO o.a.j.e.StandardJMeterEngine: Starting tearDown ThreadGroup: 1 : tearDown线程组
2021-06-02 14:11:13,319 INFO o.a.j.e.StandardJMeterEngine: Starting 1 threads for group tearDown线程组.
2021-06-02 14:11:13,319 INFO o.a.j.e.StandardJMeterEngine: Thread will continue on error
2021-06-02 14:11:13,320 INFO o.a.j.t.ThreadGroup: Starting thread group... number=1 threads=1 ramp-up=1 delayedStart=false
2021-06-02 14:11:13,320 INFO o.a.j.t.ThreadGroup: Started thread group number 1
2021-06-02 14:11:13,321 INFO o.a.j.t.JMeterThread: Thread started: tearDown线程组 1-1
2021-06-02 14:11:34,377 INFO o.a.j.t.JMeterThread: Thread is done: tearDown线程组 1-1
2021-06-02 14:11:34,377 INFO o.a.j.t.JMeterThread: Thread finished: tearDown线程组 1-1
2021-06-02 14:11:34,378 INFO o.a.j.e.StandardJMeterEngine: Notifying test listeners of end of test
2021-06-02 14:11:34,378 INFO o.a.j.g.u.JMeterMenuBar: setRunning(false, *local*)
2021-06-02 14:12:16,909 INFO o.a.j.e.StandardJMeterEngine: Running the test!
2021-06-02 14:12:16,910 INFO o.a.j.s.SampleEvent: List of sample_variables: []
2021-06-02 14:12:16,912 INFO o.a.j.t.TestPlan: added D:\apache-jmeter-5.1.1\lib\mysql-connector-java-8.0.25.jar to classpath
2021-06-02 14:12:16,913 INFO o.a.j.g.u.JMeterMenuBar: setRunning(true, *local*)
2021-06-02 14:12:17,118 INFO o.a.j.e.StandardJMeterEngine: Starting ThreadGroup: 1 : 线程组
2021-06-02 14:12:17,119 INFO o.a.j.e.StandardJMeterEngine: Starting 1 threads for group 线程组.
2021-06-02 14:12:17,120 INFO o.a.j.e.StandardJMeterEngine: Thread will continue on error
2021-06-02 14:12:17,120 INFO o.a.j.t.ThreadGroup: Starting thread group... number=1 threads=1 ramp-up=1 delayedStart=false
2021-06-02 14:12:17,123 INFO o.a.j.t.ThreadGroup: Started thread group number 1
2021-06-02 14:12:17,123 INFO o.a.j.e.StandardJMeterEngine: All thread groups have been started
2021-06-02 14:12:17,125 INFO o.a.j.t.JMeterThread: Thread started: 线程组 1-1
2021-06-02 14:12:17,222 INFO o.a.j.t.JMeterThread: Thread is done: 线程组 1-1
2021-06-02 14:12:17,224 INFO o.a.j.t.JMeterThread: Thread finished: 线程组 1-1
2021-06-02 14:12:17,225 INFO o.a.j.e.StandardJMeterEngine: Starting tearDown thread groups
2021-06-02 14:12:17,226 INFO o.a.j.e.StandardJMeterEngine: Starting tearDown ThreadGroup: 1 : tearDown线程组
2021-06-02 14:12:17,226 INFO o.a.j.e.StandardJMeterEngine: Starting 1 threads for group tearDown线程组.
2021-06-02 14:12:17,226 INFO o.a.j.e.StandardJMeterEngine: Thread will continue on error
2021-06-02 14:12:17,227 INFO o.a.j.t.ThreadGroup: Starting thread group... number=1 threads=1 ramp-up=1 delayedStart=false
2021-06-02 14:12:17,228 INFO o.a.j.t.ThreadGroup: Started thread group number 1
2021-06-02 14:12:17,229 INFO o.a.j.t.JMeterThread: Thread started: tearDown线程组 1-1
2021-06-02 14:12:27,360 INFO o.a.j.g.a.Start: Shutting test down
2021-06-02 14:12:27,377 INFO o.a.j.t.JMeterThread: Stopping: tearDown线程组 1-1
2021-06-02 14:12:31,272 INFO o.a.j.g.a.Start: Stopping test
2021-06-02 14:12:31,290 INFO o.a.j.t.JMeterThread: Stopping: tearDown线程组 1-1
2021-06-02 14:12:31,291 WARN o.a.j.t.JMeterThread: Sampler is not Interruptible: JDBC Request
2021-06-02 14:12:36,306 WARN o.a.j.t.ThreadGroup: Thread won't exit: tearDown线程组 1-1
2021-06-02 14:12:38,235 INFO o.a.j.t.JMeterThread: Thread is done: tearDown线程组 1-1
2021-06-02 14:12:38,235 INFO o.a.j.t.JMeterThread: Thread finished: tearDown线程组 1-1
2021-06-02 14:12:38,236 INFO o.a.j.e.StandardJMeterEngine: Notifying test listeners of end of test
2021-06-02 14:12:38,236 INFO o.a.j.g.u.JMeterMenuBar: setRunning(false, *local*)
2021-06-02 14:12:53,238 INFO o.a.j.e.StandardJMeterEngine: Running the test!
2021-06-02 14:12:53,239 INFO o.a.j.s.SampleEvent: List of sample_variables: []
2021-06-02 14:12:53,240 INFO o.a.j.g.u.JMeterMenuBar: setRunning(true, *local*)
2021-06-02 14:12:53,261 INFO o.a.j.e.StandardJMeterEngine: Starting ThreadGroup: 1 : 线程组
2021-06-02 14:12:53,262 INFO o.a.j.e.StandardJMeterEngine: Starting 1 threads for group 线程组.
2021-06-02 14:12:53,262 INFO o.a.j.e.StandardJMeterEngine: Thread will continue on error
2021-06-02 14:12:53,262 INFO o.a.j.t.ThreadGroup: Starting thread group... number=1 threads=1 ramp-up=1 delayedStart=false
2021-06-02 14:12:53,264 INFO o.a.j.t.ThreadGroup: Started thread group number 1
2021-06-02 14:12:53,264 INFO o.a.j.e.StandardJMeterEngine: All thread groups have been started
2021-06-02 14:12:53,265 INFO o.a.j.t.JMeterThread: Thread started: 线程组 1-1
2021-06-02 14:12:53,351 INFO o.a.j.t.JMeterThread: Thread is done: 线程组 1-1
2021-06-02 14:12:53,352 INFO o.a.j.t.JMeterThread: Thread finished: 线程组 1-1
2021-06-02 14:12:53,353 INFO o.a.j.e.StandardJMeterEngine: Starting tearDown thread groups
2021-06-02 14:12:53,354 INFO o.a.j.e.StandardJMeterEngine: Starting tearDown ThreadGroup: 1 : tearDown线程组
2021-06-02 14:12:53,354 INFO o.a.j.e.StandardJMeterEngine: Starting 1 threads for group tearDown线程组.
2021-06-02 14:12:53,355 INFO o.a.j.e.StandardJMeterEngine: Thread will continue on error
2021-06-02 14:12:53,355 INFO o.a.j.t.ThreadGroup: Starting thread group... number=1 threads=1 ramp-up=1 delayedStart=false
2021-06-02 14:12:53,356 INFO o.a.j.t.ThreadGroup: Started thread group number 1
2021-06-02 14:12:53,357 INFO o.a.j.t.JMeterThread: Thread started: tearDown线程组 1-1
2021-06-02 14:13:14,371 INFO o.a.j.t.JMeterThread: Thread is done: tearDown线程组 1-1
2021-06-02 14:13:14,371 INFO o.a.j.t.JMeterThread: Thread finished: tearDown线程组 1-1
2021-06-02 14:13:14,372 INFO o.a.j.e.StandardJMeterEngine: Notifying test listeners of end of test
2021-06-02 14:13:14,372 INFO o.a.j.g.u.JMeterMenuBar: setRunning(false, *local*)
2021-06-02 14:14:28,653 INFO o.a.j.e.StandardJMeterEngine: Running the test!
2021-06-02 14:14:28,655 INFO o.a.j.s.SampleEvent: List of sample_variables: []
2021-06-02 14:14:28,656 INFO o.a.j.g.u.JMeterMenuBar: setRunning(true, *local*)
2021-06-02 14:14:28,809 INFO o.a.j.e.StandardJMeterEngine: Starting ThreadGroup: 1 : 线程组
2021-06-02 14:14:28,809 INFO o.a.j.e.StandardJMeterEngine: Starting 1 threads for group 线程组.
2021-06-02 14:14:28,810 INFO o.a.j.e.StandardJMeterEngine: Thread will continue on error
2021-06-02 14:14:28,810 INFO o.a.j.t.ThreadGroup: Starting thread group... number=1 threads=1 ramp-up=1 delayedStart=false
2021-06-02 14:14:28,811 INFO o.a.j.t.ThreadGroup: Started thread group number 1
2021-06-02 14:14:28,813 INFO o.a.j.t.JMeterThread: Thread started: 线程组 1-1
2021-06-02 14:14:28,815 INFO o.a.j.e.StandardJMeterEngine: All thread groups have been started
2021-06-02 14:14:28,893 INFO o.a.j.t.JMeterThread: Thread is done: 线程组 1-1
2021-06-02 14:14:28,894 INFO o.a.j.t.JMeterThread: Thread finished: 线程组 1-1
2021-06-02 14:14:28,895 INFO o.a.j.e.StandardJMeterEngine: Starting tearDown thread groups
2021-06-02 14:14:28,895 INFO o.a.j.e.StandardJMeterEngine: Starting tearDown ThreadGroup: 1 : tearDown线程组
2021-06-02 14:14:28,895 INFO o.a.j.e.StandardJMeterEngine: Starting 1 threads for group tearDown线程组.
2021-06-02 14:14:28,896 INFO o.a.j.e.StandardJMeterEngine: Thread will continue on error
2021-06-02 14:14:28,896 INFO o.a.j.t.ThreadGroup: Starting thread group... number=1 threads=1 ramp-up=1 delayedStart=false
2021-06-02 14:14:28,897 INFO o.a.j.t.ThreadGroup: Started thread group number 1
2021-06-02 14:14:28,898 INFO o.a.j.t.JMeterThread: Thread started: tearDown线程组 1-1
2021-06-02 14:14:49,920 INFO o.a.j.t.JMeterThread: Thread is done: tearDown线程组 1-1
2021-06-02 14:14:49,920 INFO o.a.j.t.JMeterThread: Thread finished: tearDown线程组 1-1
2021-06-02 14:14:49,921 INFO o.a.j.e.StandardJMeterEngine: Notifying test listeners of end of test
2021-06-02 14:14:49,921 INFO o.a.j.g.u.JMeterMenuBar: setRunning(false, *local*)
2021-06-02 14:16:04,518 INFO o.a.j.e.StandardJMeterEngine: Running the test!
2021-06-02 14:16:04,519 INFO o.a.j.s.SampleEvent: List of sample_variables: []
2021-06-02 14:16:04,521 INFO o.a.j.g.u.JMeterMenuBar: setRunning(true, *local*)
2021-06-02 14:16:04,547 INFO o.a.j.e.StandardJMeterEngine: Starting ThreadGroup: 1 : 线程组
2021-06-02 14:16:04,548 INFO o.a.j.e.StandardJMeterEngine: Starting 1 threads for group 线程组.
2021-06-02 14:16:04,548 INFO o.a.j.e.StandardJMeterEngine: Thread will continue on error
2021-06-02 14:16:04,549 INFO o.a.j.t.ThreadGroup: Starting thread group... number=1 threads=1 ramp-up=1 delayedStart=false
2021-06-02 14:16:04,550 INFO o.a.j.t.ThreadGroup: Started thread group number 1
2021-06-02 14:16:04,550 INFO o.a.j.e.StandardJMeterEngine: All thread groups have been started
2021-06-02 14:16:04,550 INFO o.a.j.t.JMeterThread: Thread started: 线程组 1-1
2021-06-02 14:16:04,638 INFO o.a.j.t.JMeterThread: Thread is done: 线程组 1-1
2021-06-02 14:16:04,639 INFO o.a.j.t.JMeterThread: Thread finished: 线程组 1-1
2021-06-02 14:16:04,640 INFO o.a.j.e.StandardJMeterEngine: Starting tearDown thread groups
2021-06-02 14:16:04,640 INFO o.a.j.e.StandardJMeterEngine: Starting tearDown ThreadGroup: 1 : tearDown线程组
2021-06-02 14:16:04,641 INFO o.a.j.e.StandardJMeterEngine: Starting 1 threads for group tearDown线程组.
2021-06-02 14:16:04,641 INFO o.a.j.e.StandardJMeterEngine: Thread will continue on error
2021-06-02 14:16:04,641 INFO o.a.j.t.ThreadGroup: Starting thread group... number=1 threads=1 ramp-up=1 delayedStart=false
2021-06-02 14:16:04,642 INFO o.a.j.t.ThreadGroup: Started thread group number 1
2021-06-02 14:16:04,643 INFO o.a.j.t.JMeterThread: Thread started: tearDown线程组 1-1
2021-06-02 14:16:25,649 INFO o.a.j.t.JMeterThread: Thread is done: tearDown线程组 1-1
2021-06-02 14:16:25,649 INFO o.a.j.t.JMeterThread: Thread finished: tearDown线程组 1-1
2021-06-02 14:16:25,649 INFO o.a.j.e.StandardJMeterEngine: Notifying test listeners of end of test
2021-06-02 14:16:25,650 INFO o.a.j.g.u.JMeterMenuBar: setRunning(false, *local*)
2021-06-02 14:18:48,463 INFO o.a.j.g.a.Load: Loading file: F:\jmeter\get_mysql.jmx
2021-06-02 14:18:48,464 INFO o.a.j.s.FileServer: Set new base='F:\jmeter'
2021-06-02 14:18:48,464 INFO o.a.j.s.SaveService: Loading file: F:\jmeter\get_mysql.jmx
2021-06-02 14:18:48,533 INFO o.a.j.v.ViewResultsFullVisualizer: Add JavaFX to your Java installation if you want to use renderer: org.apache.jmeter.visualizers.RenderInBrowser
2021-06-02 14:18:48,606 INFO o.a.j.s.FileServer: Set new base='F:\jmeter'
2021-06-02 14:19:02,160 INFO o.a.j.g.a.Load: Loading file: F:\jmeter\teardown_register.jmx
2021-06-02 14:19:02,161 INFO o.a.j.s.FileServer: Set new base='F:\jmeter'
2021-06-02 14:19:02,161 INFO o.a.j.s.SaveService: Loading file: F:\jmeter\teardown_register.jmx
2021-06-02 14:19:02,245 INFO o.a.j.v.ViewResultsFullVisualizer: Add JavaFX to your Java installation if you want to use renderer: org.apache.jmeter.visualizers.RenderInBrowser
2021-06-02 14:19:02,334 INFO o.a.j.v.ViewResultsFullVisualizer: Add JavaFX to your Java installation if you want to use renderer: org.apache.jmeter.visualizers.RenderInBrowser
2021-06-02 14:19:02,428 INFO o.a.j.s.FileServer: Set new base='F:\jmeter'
2021-06-02 14:19:18,899 INFO o.a.j.e.StandardJMeterEngine: Running the test!
2021-06-02 14:19:18,900 INFO o.a.j.s.SampleEvent: List of sample_variables: []
2021-06-02 14:19:18,901 INFO o.a.j.g.u.JMeterMenuBar: setRunning(true, *local*)
2021-06-02 14:19:18,930 INFO o.a.j.e.StandardJMeterEngine: Starting ThreadGroup: 1 : 线程组
2021-06-02 14:19:18,931 INFO o.a.j.e.StandardJMeterEngine: Starting 1 threads for group 线程组.
2021-06-02 14:19:18,931 INFO o.a.j.e.StandardJMeterEngine: Thread will continue on error
2021-06-02 14:19:18,932 INFO o.a.j.t.ThreadGroup: Starting thread group... number=1 threads=1 ramp-up=1 delayedStart=false
2021-06-02 14:19:18,940 INFO o.a.j.t.ThreadGroup: Started thread group number 1
2021-06-02 14:19:18,941 INFO o.a.j.e.StandardJMeterEngine: All thread groups have been started
2021-06-02 14:19:18,943 INFO o.a.j.t.JMeterThread: Thread started: 线程组 1-1
2021-06-02 14:19:19,058 INFO o.a.j.t.JMeterThread: Thread is done: 线程组 1-1
2021-06-02 14:19:19,059 INFO o.a.j.t.JMeterThread: Thread finished: 线程组 1-1
2021-06-02 14:19:19,060 INFO o.a.j.e.StandardJMeterEngine: Starting tearDown thread groups
2021-06-02 14:19:19,061 INFO o.a.j.e.StandardJMeterEngine: Starting tearDown ThreadGroup: 1 : tearDown线程组
2021-06-02 14:19:19,061 INFO o.a.j.e.StandardJMeterEngine: Starting 1 threads for group tearDown线程组.
2021-06-02 14:19:19,061 INFO o.a.j.e.StandardJMeterEngine: Thread will continue on error
2021-06-02 14:19:19,062 INFO o.a.j.t.ThreadGroup: Starting thread group... number=1 threads=1 ramp-up=1 delayedStart=false
2021-06-02 14:19:19,063 INFO o.a.j.t.ThreadGroup: Started thread group number 1
2021-06-02 14:19:19,064 INFO o.a.j.t.JMeterThread: Thread started: tearDown线程组 1-1
2021-06-02 14:19:19,354 INFO o.a.j.t.JMeterThread: Thread is done: tearDown线程组 1-1
2021-06-02 14:19:19,354 INFO o.a.j.t.JMeterThread: Thread finished: tearDown线程组 1-1
2021-06-02 14:19:19,355 INFO o.a.j.e.StandardJMeterEngine: Notifying test listeners of end of test
2021-06-02 14:19:19,357 INFO o.a.j.g.u.JMeterMenuBar: setRunning(false, *local*)
2021-06-02 14:19:44,210 INFO o.a.j.e.StandardJMeterEngine: Running the test!
2021-06-02 14:19:44,211 INFO o.a.j.s.SampleEvent: List of sample_variables: []
2021-06-02 14:19:44,220 INFO o.a.j.g.u.JMeterMenuBar: setRunning(true, *local*)
2021-06-02 14:19:44,412 INFO o.a.j.e.StandardJMeterEngine: Starting ThreadGroup: 1 : 线程组
2021-06-02 14:19:44,412 INFO o.a.j.e.StandardJMeterEngine: Starting 1 threads for group 线程组.
2021-06-02 14:19:44,413 INFO o.a.j.e.StandardJMeterEngine: Thread will continue on error
2021-06-02 14:19:44,413 INFO o.a.j.t.ThreadGroup: Starting thread group... number=1 threads=1 ramp-up=1 delayedStart=false
2021-06-02 14:19:44,414 INFO o.a.j.t.ThreadGroup: Started thread group number 1
2021-06-02 14:19:44,415 INFO o.a.j.e.StandardJMeterEngine: All thread groups have been started
2021-06-02 14:19:44,417 INFO o.a.j.t.JMeterThread: Thread started: 线程组 1-1
2021-06-02 14:19:44,532 INFO o.a.j.t.JMeterThread: Thread is done: 线程组 1-1
2021-06-02 14:19:44,532 INFO o.a.j.t.JMeterThread: Thread finished: 线程组 1-1
2021-06-02 14:19:44,533 INFO o.a.j.e.StandardJMeterEngine: Starting tearDown thread groups
2021-06-02 14:19:44,533 INFO o.a.j.e.StandardJMeterEngine: Starting tearDown ThreadGroup: 1 : tearDown线程组
2021-06-02 14:19:44,534 INFO o.a.j.e.StandardJMeterEngine: Starting 1 threads for group tearDown线程组.
2021-06-02 14:19:44,534 INFO o.a.j.e.StandardJMeterEngine: Thread will continue on error
2021-06-02 14:19:44,534 INFO o.a.j.t.ThreadGroup: Starting thread group... number=1 threads=1 ramp-up=1 delayedStart=false
2021-06-02 14:19:44,535 INFO o.a.j.t.ThreadGroup: Started thread group number 1
2021-06-02 14:19:44,536 INFO o.a.j.t.JMeterThread: Thread started: tearDown线程组 1-1
2021-06-02 14:19:44,813 INFO o.a.j.t.JMeterThread: Thread is done: tearDown线程组 1-1
2021-06-02 14:19:44,813 INFO o.a.j.t.JMeterThread: Thread finished: tearDown线程组 1-1
2021-06-02 14:19:44,814 INFO o.a.j.e.StandardJMeterEngine: Notifying test listeners of end of test
2021-06-02 14:19:44,816 INFO o.a.j.g.u.JMeterMenuBar: setRunning(false, *local*)
2021-06-02 14:22:23,611 INFO o.a.j.e.StandardJMeterEngine: Running the test!
2021-06-02 14:22:23,612 INFO o.a.j.s.SampleEvent: List of sample_variables: []
2021-06-02 14:22:23,615 INFO o.a.j.g.u.JMeterMenuBar: setRunning(true, *local*)
2021-06-02 14:22:23,797 INFO o.a.j.e.StandardJMeterEngine: Starting ThreadGroup: 1 : 线程组
2021-06-02 14:22:23,798 INFO o.a.j.e.StandardJMeterEngine: Starting 1 threads for group 线程组.
2021-06-02 14:22:23,798 INFO o.a.j.e.StandardJMeterEngine: Thread will continue on error
2021-06-02 14:22:23,798 INFO o.a.j.t.ThreadGroup: Starting thread group... number=1 threads=1 ramp-up=1 delayedStart=false
2021-06-02 14:22:23,800 INFO o.a.j.t.ThreadGroup: Started thread group number 1
2021-06-02 14:22:23,800 INFO o.a.j.e.StandardJMeterEngine: All thread groups have been started
2021-06-02 14:22:23,823 INFO o.a.j.t.JMeterThread: Thread started: 线程组 1-1
2021-06-02 14:22:23,941 INFO o.a.j.t.JMeterThread: Thread is done: 线程组 1-1
2021-06-02 14:22:23,942 INFO o.a.j.t.JMeterThread: Thread finished: 线程组 1-1
2021-06-02 14:22:23,943 INFO o.a.j.e.StandardJMeterEngine: Starting tearDown thread groups
2021-06-02 14:22:23,945 INFO o.a.j.e.StandardJMeterEngine: Starting tearDown ThreadGroup: 1 : tearDown线程组
2021-06-02 14:22:23,945 INFO o.a.j.e.StandardJMeterEngine: Starting 1 threads for group tearDown线程组.
2021-06-02 14:22:23,945 INFO o.a.j.e.StandardJMeterEngine: Thread will continue on error
2021-06-02 14:22:23,946 INFO o.a.j.t.ThreadGroup: Starting thread group... number=1 threads=1 ramp-up=1 delayedStart=false
2021-06-02 14:22:23,947 INFO o.a.j.t.ThreadGroup: Started thread group number 1
2021-06-02 14:22:23,948 INFO o.a.j.t.JMeterThread: Thread started: tearDown线程组 1-1
2021-06-02 14:22:24,222 INFO o.a.j.t.JMeterThread: Thread is done: tearDown线程组 1-1
2021-06-02 14:22:24,222 INFO o.a.j.t.JMeterThread: Thread finished: tearDown线程组 1-1
2021-06-02 14:22:24,223 INFO o.a.j.e.StandardJMeterEngine: Notifying test listeners of end of test
2021-06-02 14:22:24,225 INFO o.a.j.g.u.JMeterMenuBar: setRunning(false, *local*)
2021-06-02 14:22:47,831 INFO o.a.j.e.StandardJMeterEngine: Running the test!
2021-06-02 14:22:47,832 INFO o.a.j.s.SampleEvent: List of sample_variables: []
2021-06-02 14:22:47,833 INFO o.a.j.g.u.JMeterMenuBar: setRunning(true, *local*)
2021-06-02 14:22:48,012 INFO o.a.j.e.StandardJMeterEngine: Starting ThreadGroup: 1 : 线程组
2021-06-02 14:22:48,012 INFO o.a.j.e.StandardJMeterEngine: Starting 1 threads for group 线程组.
2021-06-02 14:22:48,013 INFO o.a.j.e.StandardJMeterEngine: Thread will continue on error
2021-06-02 14:22:48,013 INFO o.a.j.t.ThreadGroup: Starting thread group... number=1 threads=1 ramp-up=1 delayedStart=false
2021-06-02 14:22:48,014 INFO o.a.j.t.ThreadGroup: Started thread group number 1
2021-06-02 14:22:48,015 INFO o.a.j.e.StandardJMeterEngine: All thread groups have been started
2021-06-02 14:22:48,016 INFO o.a.j.t.JMeterThread: Thread started: 线程组 1-1
2021-06-02 14:22:48,128 INFO o.a.j.t.JMeterThread: Thread is done: 线程组 1-1
2021-06-02 14:22:48,128 INFO o.a.j.t.JMeterThread: Thread finished: 线程组 1-1
2021-06-02 14:22:48,129 INFO o.a.j.e.StandardJMeterEngine: Starting tearDown thread groups
2021-06-02 14:22:48,129 INFO o.a.j.e.StandardJMeterEngine: Starting tearDown ThreadGroup: 1 : tearDown线程组
2021-06-02 14:22:48,130 INFO o.a.j.e.StandardJMeterEngine: Starting 1 threads for group tearDown线程组.
2021-06-02 14:22:48,130 INFO o.a.j.e.StandardJMeterEngine: Thread will continue on error
2021-06-02 14:22:48,130 INFO o.a.j.t.ThreadGroup: Starting thread group... number=1 threads=1 ramp-up=1 delayedStart=false
2021-06-02 14:22:48,132 INFO o.a.j.t.ThreadGroup: Started thread group number 1
2021-06-02 14:22:48,132 INFO o.a.j.t.JMeterThread: Thread started: tearDown线程组 1-1
2021-06-02 14:22:48,375 INFO o.a.j.t.JMeterThread: Thread is done: tearDown线程组 1-1
2021-06-02 14:22:48,375 INFO o.a.j.t.JMeterThread: Thread finished: tearDown线程组 1-1
2021-06-02 14:22:48,376 INFO o.a.j.e.StandardJMeterEngine: Notifying test listeners of end of test
2021-06-02 14:22:48,378 INFO o.a.j.g.u.JMeterMenuBar: setRunning(false, *local*)
2021-06-02 14:34:57,642 INFO o.a.j.v.ViewResultsFullVisualizer: Add JavaFX to your Java installation if you want to use renderer: org.apache.jmeter.visualizers.RenderInBrowser
2021-06-02 14:35:10,820 INFO o.a.j.s.FileServer: Set new base='F:\jmeter'
2021-06-02 14:35:10,828 INFO o.a.j.e.StandardJMeterEngine: Running the test!
2021-06-02 14:35:10,829 INFO o.a.j.s.SampleEvent: List of sample_variables: []
2021-06-02 14:35:10,830 INFO o.a.j.g.u.JMeterMenuBar: setRunning(true, *local*)
2021-06-02 14:35:11,006 INFO o.a.j.e.StandardJMeterEngine: Starting ThreadGroup: 1 : 线程组
2021-06-02 14:35:11,008 INFO o.a.j.e.StandardJMeterEngine: Starting 1 threads for group 线程组.
2021-06-02 14:35:11,008 INFO o.a.j.e.StandardJMeterEngine: Thread will continue on error
2021-06-02 14:35:11,009 INFO o.a.j.t.ThreadGroup: Starting thread group... number=1 threads=1 ramp-up=1 delayedStart=false
2021-06-02 14:35:11,010 INFO o.a.j.t.ThreadGroup: Started thread group number 1
2021-06-02 14:35:11,010 INFO o.a.j.e.StandardJMeterEngine: All thread groups have been started
2021-06-02 14:35:11,010 INFO o.a.j.t.JMeterThread: Thread started: 线程组 1-1
2021-06-02 14:35:11,099 INFO o.a.j.t.JMeterThread: Thread is done: 线程组 1-1
2021-06-02 14:35:11,099 INFO o.a.j.t.JMeterThread: Thread finished: 线程组 1-1
2021-06-02 14:35:11,100 INFO o.a.j.e.StandardJMeterEngine: Notifying test listeners of end of test
2021-06-02 14:35:11,100 INFO o.a.j.g.u.JMeterMenuBar: setRunning(false, *local*)
2021-06-02 14:42:14,537 INFO o.a.j.e.StandardJMeterEngine: Running the test!
2021-06-02 14:42:14,538 INFO o.a.j.s.SampleEvent: List of sample_variables: []
2021-06-02 14:42:14,539 INFO o.a.j.g.u.JMeterMenuBar: setRunning(true, *local*)
2021-06-02 14:42:14,713 INFO o.a.j.e.StandardJMeterEngine: Starting ThreadGroup: 1 : 线程组
2021-06-02 14:42:14,713 INFO o.a.j.e.StandardJMeterEngine: Starting 1 threads for group 线程组.
2021-06-02 14:42:14,714 INFO o.a.j.e.StandardJMeterEngine: Thread will continue on error
2021-06-02 14:42:14,714 INFO o.a.j.t.ThreadGroup: Starting thread group... number=1 threads=1 ramp-up=1 delayedStart=false
2021-06-02 14:42:14,716 INFO o.a.j.t.ThreadGroup: Started thread group number 1
2021-06-02 14:42:14,716 INFO o.a.j.e.StandardJMeterEngine: All thread groups have been started
2021-06-02 14:42:14,717 INFO o.a.j.t.JMeterThread: Thread started: 线程组 1-1
2021-06-02 14:42:23,277 INFO o.a.j.t.JMeterThread: Thread is done: 线程组 1-1
2021-06-02 14:42:23,277 INFO o.a.j.t.JMeterThread: Thread finished: 线程组 1-1
2021-06-02 14:42:23,278 INFO o.a.j.e.StandardJMeterEngine: Notifying test listeners of end of test
2021-06-02 14:42:23,279 INFO o.a.j.g.u.JMeterMenuBar: setRunning(false, *local*)
2021-06-02 14:43:27,233 INFO o.a.j.e.StandardJMeterEngine: Running the test!
2021-06-02 14:43:27,234 INFO o.a.j.s.SampleEvent: List of sample_variables: []
2021-06-02 14:43:27,235 INFO o.a.j.g.u.JMeterMenuBar: setRunning(true, *local*)
2021-06-02 14:43:27,435 INFO o.a.j.e.StandardJMeterEngine: Starting ThreadGroup: 1 : 线程组
2021-06-02 14:43:27,438 INFO o.a.j.e.StandardJMeterEngine: Starting 1 threads for group 线程组.
2021-06-02 14:43:27,440 INFO o.a.j.e.StandardJMeterEngine: Thread will continue on error
2021-06-02 14:43:27,440 INFO o.a.j.t.ThreadGroup: Starting thread group... number=1 threads=1 ramp-up=1 delayedStart=false
2021-06-02 14:43:27,441 INFO o.a.j.t.ThreadGroup: Started thread group number 1
2021-06-02 14:43:27,442 INFO o.a.j.e.StandardJMeterEngine: All thread groups have been started
2021-06-02 14:43:27,442 INFO o.a.j.t.JMeterThread: Thread started: 线程组 1-1
2021-06-02 14:43:35,952 INFO o.a.j.t.JMeterThread: Thread is done: 线程组 1-1
2021-06-02 14:43:35,953 INFO o.a.j.t.JMeterThread: Thread finished: 线程组 1-1
2021-06-02 14:43:35,954 INFO o.a.j.e.StandardJMeterEngine: Notifying test listeners of end of test
2021-06-02 14:43:35,955 INFO o.a.j.g.u.JMeterMenuBar: setRunning(false, *local*)
2021-06-02 14:45:03,348 INFO o.a.j.e.StandardJMeterEngine: Running the test!
2021-06-02 14:45:03,349 INFO o.a.j.s.SampleEvent: List of sample_variables: []
2021-06-02 14:45:03,351 INFO o.a.j.g.u.JMeterMenuBar: setRunning(true, *local*)
2021-06-02 14:45:03,366 INFO o.a.j.e.StandardJMeterEngine: Starting ThreadGroup: 1 : 线程组
2021-06-02 14:45:03,367 INFO o.a.j.e.StandardJMeterEngine: Starting 1 threads for group 线程组.
2021-06-02 14:45:03,367 INFO o.a.j.e.StandardJMeterEngine: Thread will continue on error
2021-06-02 14:45:03,368 INFO o.a.j.t.ThreadGroup: Starting thread group... number=1 threads=1 ramp-up=1 delayedStart=false
2021-06-02 14:45:03,369 INFO o.a.j.t.ThreadGroup: Started thread group number 1
2021-06-02 14:45:03,369 INFO o.a.j.e.StandardJMeterEngine: All thread groups have been started
2021-06-02 14:45:03,369 INFO o.a.j.t.JMeterThread: Thread started: 线程组 1-1
2021-06-02 14:45:14,907 INFO o.a.j.t.JMeterThread: Thread is done: 线程组 1-1
2021-06-02 14:45:14,908 INFO o.a.j.t.JMeterThread: Thread finished: 线程组 1-1
2021-06-02 14:45:14,909 INFO o.a.j.e.StandardJMeterEngine: Notifying test listeners of end of test
2021-06-02 14:45:14,910 INFO o.a.j.g.u.JMeterMenuBar: setRunning(false, *local*)
2021-06-02 14:48:23,967 INFO o.a.j.v.ViewResultsFullVisualizer: Add JavaFX to your Java installation if you want to use renderer: org.apache.jmeter.visualizers.RenderInBrowser
2021-06-02 14:48:24,022 INFO o.a.j.g.a.Load: Loading file: F:\jmeter\登录xadmin.jmx
2021-06-02 14:48:24,023 INFO o.a.j.s.FileServer: Set new base='F:\jmeter'
2021-06-02 14:48:24,023 INFO o.a.j.s.SaveService: Loading file: F:\jmeter\登录xadmin.jmx
2021-06-02 14:48:24,081 INFO o.a.j.p.h.c.CookieManager: Settings: Delete null: true Check: true Allow variable: true Save: false Prefix: COOKIE_
2021-06-02 14:48:24,131 INFO o.a.j.v.ViewResultsFullVisualizer: Add JavaFX to your Java installation if you want to use renderer: org.apache.jmeter.visualizers.RenderInBrowser
2021-06-02 14:48:24,217 INFO o.a.j.v.ViewResultsFullVisualizer: Add JavaFX to your Java installation if you want to use renderer: org.apache.jmeter.visualizers.RenderInBrowser
2021-06-02 14:48:24,284 INFO o.a.j.s.FileServer: Set new base='F:\jmeter'
2021-06-02 14:48:58,233 INFO o.a.j.e.StandardJMeterEngine: Running the test!
2021-06-02 14:48:58,234 INFO o.a.j.s.SampleEvent: List of sample_variables: []
2021-06-02 14:48:58,238 INFO o.a.j.g.u.JMeterMenuBar: setRunning(true, *local*)
2021-06-02 14:48:58,417 INFO o.a.j.e.StandardJMeterEngine: Starting ThreadGroup: 1 : 线程组
2021-06-02 14:48:58,418 INFO o.a.j.e.StandardJMeterEngine: Starting 1 threads for group 线程组.
2021-06-02 14:48:58,418 INFO o.a.j.e.StandardJMeterEngine: Thread will continue on error
2021-06-02 14:48:58,418 INFO o.a.j.t.ThreadGroup: Starting thread group... number=1 threads=1 ramp-up=1 delayedStart=false
2021-06-02 14:48:58,420 INFO o.a.j.t.ThreadGroup: Started thread group number 1
2021-06-02 14:48:58,421 INFO o.a.j.e.StandardJMeterEngine: All thread groups have been started
2021-06-02 14:48:58,422 INFO o.a.j.t.JMeterThread: Thread started: 线程组 1-1
2021-06-02 14:49:02,781 INFO o.a.j.t.JMeterThread: Thread is done: 线程组 1-1
2021-06-02 14:49:02,781 INFO o.a.j.t.JMeterThread: Thread finished: 线程组 1-1
2021-06-02 14:49:02,783 INFO o.a.j.e.StandardJMeterEngine: Notifying test listeners of end of test
2021-06-02 14:49:02,784 INFO o.a.j.g.u.JMeterMenuBar: setRunning(false, *local*)
2021-06-02 14:54:53,734 INFO o.a.j.e.StandardJMeterEngine: Running the test!
2021-06-02 14:54:53,735 INFO o.a.j.s.SampleEvent: List of sample_variables: []
2021-06-02 14:54:53,736 INFO o.a.j.g.u.JMeterMenuBar: setRunning(true, *local*)
2021-06-02 14:54:53,935 INFO o.a.j.e.StandardJMeterEngine: Starting ThreadGroup: 1 : 线程组
2021-06-02 14:54:53,935 INFO o.a.j.e.StandardJMeterEngine: Starting 1 threads for group 线程组.
2021-06-02 14:54:53,936 INFO o.a.j.e.StandardJMeterEngine: Thread will continue on error
2021-06-02 14:54:53,936 INFO o.a.j.t.ThreadGroup: Starting thread group... number=1 threads=1 ramp-up=1 delayedStart=false
2021-06-02 14:54:53,937 INFO o.a.j.t.ThreadGroup: Started thread group number 1
2021-06-02 14:54:53,937 INFO o.a.j.e.StandardJMeterEngine: All thread groups have been started
2021-06-02 14:54:53,938 INFO o.a.j.t.JMeterThread: Thread started: 线程组 1-1
2021-06-02 14:54:54,811 INFO o.a.j.t.JMeterThread: Thread is done: 线程组 1-1
2021-06-02 14:54:54,811 INFO o.a.j.t.JMeterThread: Thread finished: 线程组 1-1
2021-06-02 14:54:54,812 INFO o.a.j.e.StandardJMeterEngine: Notifying test listeners of end of test
2021-06-02 14:54:54,813 INFO o.a.j.g.u.JMeterMenuBar: setRunning(false, *local*)
2021-06-02 14:56:51,761 INFO o.a.j.e.StandardJMeterEngine: Running the test!
2021-06-02 14:56:51,762 INFO o.a.j.s.SampleEvent: List of sample_variables: []
2021-06-02 14:56:51,763 INFO o.a.j.g.u.JMeterMenuBar: setRunning(true, *local*)
2021-06-02 14:56:51,786 INFO o.a.j.e.StandardJMeterEngine: Starting ThreadGroup: 1 : 线程组
2021-06-02 14:56:51,786 INFO o.a.j.e.StandardJMeterEngine: Starting 1 threads for group 线程组.
2021-06-02 14:56:51,787 INFO o.a.j.e.StandardJMeterEngine: Thread will continue on error
2021-06-02 14:56:51,787 INFO o.a.j.t.ThreadGroup: Starting thread group... number=1 threads=1 ramp-up=1 delayedStart=false
2021-06-02 14:56:51,789 INFO o.a.j.t.ThreadGroup: Started thread group number 1
2021-06-02 14:56:51,789 INFO o.a.j.e.StandardJMeterEngine: All thread groups have been started
2021-06-02 14:56:51,790 INFO o.a.j.t.JMeterThread: Thread started: 线程组 1-1
2021-06-02 14:56:53,160 INFO o.a.j.t.JMeterThread: Thread is done: 线程组 1-1
2021-06-02 14:56:53,161 INFO o.a.j.t.JMeterThread: Thread finished: 线程组 1-1
2021-06-02 14:56:53,161 INFO o.a.j.e.StandardJMeterEngine: Notifying test listeners of end of test
2021-06-02 14:56:53,162 INFO o.a.j.g.u.JMeterMenuBar: setRunning(false, *local*)
2021-06-02 14:57:03,517 INFO o.a.j.e.StandardJMeterEngine: Running the test!
2021-06-02 14:57:03,518 INFO o.a.j.s.SampleEvent: List of sample_variables: []
2021-06-02 14:57:03,519 INFO o.a.j.g.u.JMeterMenuBar: setRunning(true, *local*)
2021-06-02 14:57:03,692 INFO o.a.j.e.StandardJMeterEngine: Starting ThreadGroup: 1 : 线程组
2021-06-02 14:57:03,693 INFO o.a.j.e.StandardJMeterEngine: Starting 1 threads for group 线程组.
2021-06-02 14:57:03,693 INFO o.a.j.e.StandardJMeterEngine: Thread will continue on error
2021-06-02 14:57:03,693 INFO o.a.j.t.ThreadGroup: Starting thread group... number=1 threads=1 ramp-up=1 delayedStart=false
2021-06-02 14:57:03,694 INFO o.a.j.t.ThreadGroup: Started thread group number 1
2021-06-02 14:57:03,695 INFO o.a.j.e.StandardJMeterEngine: All thread groups have been started
2021-06-02 14:57:03,695 INFO o.a.j.t.JMeterThread: Thread started: 线程组 1-1
2021-06-02 14:57:04,557 INFO o.a.j.t.JMeterThread: Thread is done: 线程组 1-1
2021-06-02 14:57:04,557 INFO o.a.j.t.JMeterThread: Thread finished: 线程组 1-1
2021-06-02 14:57:04,558 INFO o.a.j.e.StandardJMeterEngine: Notifying test listeners of end of test
2021-06-02 14:57:04,558 INFO o.a.j.g.u.JMeterMenuBar: setRunning(false, *local*)
2021-06-02 14:57:45,070 INFO o.a.j.e.StandardJMeterEngine: Running the test!
2021-06-02 14:57:45,070 INFO o.a.j.s.SampleEvent: List of sample_variables: []
2021-06-02 14:57:45,072 INFO o.a.j.g.u.JMeterMenuBar: setRunning(true, *local*)
2021-06-02 14:57:45,268 INFO o.a.j.e.StandardJMeterEngine: Starting ThreadGroup: 1 : 线程组
2021-06-02 14:57:45,268 INFO o.a.j.e.StandardJMeterEngine: Starting 1 threads for group 线程组.
2021-06-02 14:57:45,269 INFO o.a.j.e.StandardJMeterEngine: Thread will continue on error
2021-06-02 14:57:45,269 INFO o.a.j.t.ThreadGroup: Starting thread group... number=1 threads=1 ramp-up=1 delayedStart=false
2021-06-02 14:57:45,270 INFO o.a.j.t.ThreadGroup: Started thread group number 1
2021-06-02 14:57:45,271 INFO o.a.j.e.StandardJMeterEngine: All thread groups have been started
2021-06-02 14:57:45,271 INFO o.a.j.t.JMeterThread: Thread started: 线程组 1-1
2021-06-02 14:57:46,142 INFO o.a.j.t.JMeterThread: Thread is done: 线程组 1-1
2021-06-02 14:57:46,142 INFO o.a.j.t.JMeterThread: Thread finished: 线程组 1-1
2021-06-02 14:57:46,143 INFO o.a.j.e.StandardJMeterEngine: Notifying test listeners of end of test
2021-06-02 14:57:46,143 INFO o.a.j.g.u.JMeterMenuBar: setRunning(false, *local*)
